  [1m[35m (0.0ms)[0m  [1m[34mSELECT sqlite_version(*)[0m
  [1m[35m (2.0ms)[0m  [1m[35mCREATE TABLE "schema_migrations" ("version" varchar NOT NULL PRIMARY KEY)[0m
  [1m[35m (1.4ms)[0m  [1m[35mCREATE TABLE "ar_internal_metadata" ("key" varchar NOT NULL PRIMARY KEY, "value" varchar, "created_at" datetime NOT NULL, "updated_at" datetime NOT NULL)[0m
  [1m[35m (0.1ms)[0m  [1m[34mSELECT "schema_migrations"."version" FROM "schema_migrations" ORDER BY "schema_migrations"."version" ASC[0m
Migrating to CreateBooks (20191108013340)
  [1m[35m (0.0ms)[0m  [1m[36mbegin transaction[0m
  [1m[35m (0.4ms)[0m  [1m[35mCREATE TABLE "books" ("id" INTEGER PRIMARY KEY AUTOINCREMENT NOT NULL, "created_at" datetime NOT NULL, "updated_at" datetime NOT NULL)[0m
  [1m[35mSQL (0.1ms)[0m  [1m[32mINSERT INTO "schema_migrations" ("version") VALUES (?)[0m  [["version", "20191108013340"]]
  [1m[35m (0.6ms)[0m  [1m[36mcommit transaction[0m
  [1m[36mActiveRecord::InternalMetadata Load (0.1ms)[0m  [1m[34mSELECT  "ar_internal_metadata".* FROM "ar_internal_metadata" WHERE "ar_internal_metadata"."key" = ? LIMIT ?[0m  [["key", "environment"], ["LIMIT", 1]]
  [1m[35m (0.0ms)[0m  [1m[36mbegin transaction[0m
  [1m[35mSQL (0.3ms)[0m  [1m[32mINSERT INTO "ar_internal_metadata" ("key", "value", "created_at", "updated_at") VALUES (?, ?, ?, ?)[0m  [["key", "environment"], ["value", "development"], ["created_at", "2019-11-08 01:34:51.041083"], ["updated_at", "2019-11-08 01:34:51.041083"]]
  [1m[35m (0.8ms)[0m  [1m[36mcommit transaction[0m
  [1m[35m (0.1ms)[0m  [1m[34mSELECT "schema_migrations"."version" FROM "schema_migrations" ORDER BY "schema_migrations"."version" ASC[0m
  [1m[36mBook Load (0.2ms)[0m  [1m[34mSELECT  "books".* FROM "books" ORDER BY "books"."id" DESC LIMIT ?[0m  [["LIMIT", 1]]
  [1m[36mBook Load (0.5ms)[0m  [1m[34mSELECT  "books".* FROM "books" ORDER BY "books"."id" DESC LIMIT ?[0m  [["LIMIT", 1]]
Started GET "/books" for ::1 at 2019-11-15 09:30:30 +0900
  [1m[35m (0.5ms)[0m  [1m[34mSELECT "schema_migrations"."version" FROM "schema_migrations" ORDER BY "schema_migrations"."version" ASC[0m
Processing by BooksController#index as HTML
  Rendering books/index.html.erb within layouts/application
  [1m[36mBook Load (0.2ms)[0m  [1m[34mSELECT "books".* FROM "books"[0m
  Rendered books/index.html.erb within layouts/application (3.9ms)
Completed 200 OK in 808ms (Views: 798.8ms | ActiveRecord: 0.5ms)


Started GET "/books/new" for ::1 at 2019-11-15 09:30:34 +0900
Processing by BooksController#new as HTML
  Rendering books/new.html.erb within layouts/application
  Rendered books/_form.html.erb (13.6ms)
  Rendered books/new.html.erb within layouts/application (15.8ms)
Completed 200 OK in 54ms (Views: 44.6ms | ActiveRecord: 0.4ms)


Started GET "/books" for ::1 at 2019-11-15 09:30:36 +0900
Processing by BooksController#index as HTML
  Rendering books/index.html.erb within layouts/application
  [1m[36mBook Load (0.1ms)[0m  [1m[34mSELECT "books".* FROM "books"[0m
  Rendered books/index.html.erb within layouts/application (1.4ms)
Completed 200 OK in 18ms (Views: 16.2ms | ActiveRecord: 0.1ms)


  [1m[35m (0.1ms)[0m  [1m[34mSELECT "schema_migrations"."version" FROM "schema_migrations" ORDER BY "schema_migrations"."version" ASC[0m
Migrating to AddAuthorToBooks (20191115003947)
  [1m[35m (0.1ms)[0m  [1m[36mbegin transaction[0m
  [1m[35m (0.7ms)[0m  [1m[35mALTER TABLE "books" ADD "author" varchar[0m
  [1m[35mSQL (0.4ms)[0m  [1m[32mINSERT INTO "schema_migrations" ("version") VALUES (?)[0m  [["version", "20191115003947"]]
  [1m[35m (0.5ms)[0m  [1m[36mcommit transaction[0m
  [1m[36mActiveRecord::InternalMetadata Load (0.5ms)[0m  [1m[34mSELECT  "ar_internal_metadata".* FROM "ar_internal_metadata" WHERE "ar_internal_metadata"."key" = ? LIMIT ?[0m  [["key", "environment"], ["LIMIT", 1]]
  [1m[35m (0.1ms)[0m  [1m[36mbegin transaction[0m
  [1m[35m (0.0ms)[0m  [1m[36mcommit transaction[0m
  [1m[35m (0.1ms)[0m  [1m[34mSELECT "schema_migrations"."version" FROM "schema_migrations" ORDER BY "schema_migrations"."version" ASC[0m
Started GET "/books" for ::1 at 2019-11-15 09:46:41 +0900
  [1m[35m (0.1ms)[0m  [1m[34mSELECT "schema_migrations"."version" FROM "schema_migrations" ORDER BY "schema_migrations"."version" ASC[0m
Processing by BooksController#index as HTML
  Rendering books/index.html.erb within layouts/application
  [1m[36mBook Load (0.1ms)[0m  [1m[34mSELECT "books".* FROM "books"[0m
  Rendered books/index.html.erb within layouts/application (1.8ms)
Completed 200 OK in 109ms (Views: 100.9ms | ActiveRecord: 0.3ms)


Started GET "/books" for ::1 at 2019-11-15 09:46:43 +0900
Processing by BooksController#index as HTML
  Rendering books/index.html.erb within layouts/application
  [1m[36mBook Load (0.1ms)[0m  [1m[34mSELECT "books".* FROM "books"[0m
  Rendered books/index.html.erb within layouts/application (1.5ms)
Completed 200 OK in 11ms (Views: 9.8ms | ActiveRecord: 0.3ms)


Started GET "/books/new" for ::1 at 2019-11-15 09:46:45 +0900
Processing by BooksController#new as HTML
  Rendering books/new.html.erb within layouts/application
  Rendered books/_form.html.erb (3.7ms)
  Rendered books/new.html.erb within layouts/application (4.6ms)
Completed 200 OK in 17ms (Views: 12.3ms | ActiveRecord: 0.4ms)


Started GET "/books" for ::1 at 2019-11-15 09:46:46 +0900
Processing by BooksController#index as HTML
  Rendering books/index.html.erb within layouts/application
  [1m[36mBook Load (0.1ms)[0m  [1m[34mSELECT "books".* FROM "books"[0m
  Rendered books/index.html.erb within layouts/application (1.0ms)
Completed 200 OK in 25ms (Views: 23.8ms | ActiveRecord: 0.1ms)


Started GET "/books/new" for ::1 at 2019-11-15 09:47:11 +0900
Processing by BooksController#new as HTML
  Rendering books/new.html.erb within layouts/application
  Rendered books/_form.html.erb (1.7ms)
  Rendered books/new.html.erb within layouts/application (3.5ms)
Completed 200 OK in 21ms (Views: 20.1ms | ActiveRecord: 0.0ms)


Started POST "/books" for ::1 at 2019-11-15 09:47:12 +0900
Processing by BooksController#create as HTML
  Parameters: {"utf8"=>"✓", "authenticity_token"=>"2l8vDt5RTVCIckOE/Okeu13Pheg2m3JQiJFfqkGiYUJtEjAxK29g2pYVQ1rU1jdnBkP6TpGNICkwNYOhMzZ2Eg==", "commit"=>"Create Book"}
Completed 400 Bad Request in 2ms (ActiveRecord: 0.0ms)


  
ActionController::ParameterMissing (param is missing or the value is empty: book):
  
app/controllers/books_controller.rb:72:in `book_params'
app/controllers/books_controller.rb:27:in `create'
Started POST "/books" for ::1 at 2019-11-15 09:47:16 +0900
Processing by BooksController#create as HTML
  Parameters: {"utf8"=>"✓", "authenticity_token"=>"05QmJwBUsgF7OeX/OoFWuOkZpf0EWNhOekmPVLhJ5Yxk2TkY9Wqfi2Ve5SESvn9kspXaW6NOijfC7VNfyt3y3A==", "commit"=>"Create Book"}
Completed 400 Bad Request in 1ms (ActiveRecord: 0.0ms)


  
ActionController::ParameterMissing (param is missing or the value is empty: book):
  
app/controllers/books_controller.rb:72:in `book_params'
app/controllers/books_controller.rb:27:in `create'
Started POST "/books" for ::1 at 2019-11-15 10:01:34 +0900
Processing by BooksController#create as HTML
  Parameters: {"utf8"=>"✓", "authenticity_token"=>"05QmJwBUsgF7OeX/OoFWuOkZpf0EWNhOekmPVLhJ5Yxk2TkY9Wqfi2Ve5SESvn9kspXaW6NOijfC7VNfyt3y3A==", "commit"=>"Create Book"}
Completed 400 Bad Request in 2ms


  
ActionController::ParameterMissing (param is missing or the value is empty: book):
  
app/controllers/books_controller.rb:72:in `book_params'
app/controllers/books_controller.rb:27:in `create'
Started GET "/books/new" for ::1 at 2019-11-15 10:03:24 +0900
  [1m[35m (0.1ms)[0m  [1m[34mSELECT "schema_migrations"."version" FROM "schema_migrations" ORDER BY "schema_migrations"."version" ASC[0m
Processing by BooksController#new as HTML
  Rendering books/new.html.erb within layouts/application
  Rendered books/_form.html.erb (13.5ms)
  Rendered books/new.html.erb within layouts/application (14.8ms)
Completed 200 OK in 148ms (Views: 136.6ms | ActiveRecord: 0.4ms)


Started POST "/books" for ::1 at 2019-11-15 10:03:31 +0900
Processing by BooksController#create as HTML
  Parameters: {"utf8"=>"✓", "authenticity_token"=>"AJfvdm+dJTOqlmAdHkWuPvCihQ4WMhimDWvbjIC/eOot/EwCjFqQYWEILyvl83aXNQl5Fgb6dJ8Wek85coyx4Q==", "book"=>{"title"=>"111", "memo"=>"111", "author"=>"111"}, "commit"=>"Create Book"}
Completed 500 Internal Server Error in 1ms (ActiveRecord: 0.0ms)


  
ActiveModel::UnknownAttributeError (unknown attribute 'title' for Book.):
  
app/controllers/books_controller.rb:27:in `create'
Started GET "/books/new" for ::1 at 2019-11-15 10:03:41 +0900
Processing by BooksController#new as HTML
  Rendering books/new.html.erb within layouts/application
  Rendered books/_form.html.erb (2.0ms)
  Rendered books/new.html.erb within layouts/application (3.4ms)
Completed 200 OK in 16ms (Views: 13.9ms | ActiveRecord: 0.0ms)


Started GET "/books/new" for ::1 at 2019-11-15 10:10:46 +0900
Processing by BooksController#new as HTML
  Rendering books/new.html.erb within layouts/application
  Rendered books/_form.html.erb (3.1ms)
  Rendered books/new.html.erb within layouts/application (4.1ms)
Completed 200 OK in 23ms (Views: 14.9ms | ActiveRecord: 0.8ms)


Started POST "/books" for ::1 at 2019-11-15 10:11:05 +0900
Processing by BooksController#create as HTML
  Parameters: {"utf8"=>"✓", "authenticity_token"=>"8vWJ/3Zt/ZHJVnenfLBL48ADysDgiOJ/Ye8iQw9Z/6PfniqLlapIwwLIOJGHBpNKBag22PBAjkZ6/rb2/Wo2qA==", "book"=>{"title"=>"qq", "memo"=>"aa", "author"=>"zz"}, "commit"=>"Create Book"}
Completed 500 Internal Server Error in 1ms (ActiveRecord: 0.0ms)


  
ActiveModel::UnknownAttributeError (unknown attribute 'title' for Book.):
  
app/controllers/books_controller.rb:27:in `create'
Started GET "/books/new" for ::1 at 2019-11-15 10:11:08 +0900
Processing by BooksController#new as HTML
  Rendering books/new.html.erb within layouts/application
  Rendered books/_form.html.erb (2.5ms)
  Rendered books/new.html.erb within layouts/application (3.8ms)
Completed 200 OK in 16ms (Views: 13.6ms | ActiveRecord: 0.0ms)


  [1m[36mBook Load (0.1ms)[0m  [1m[34mSELECT  "books".* FROM "books" ORDER BY "books"."id" ASC LIMIT ?[0m  [["LIMIT", 1]]
  [1m[35m (0.1ms)[0m  [1m[34mSELECT "schema_migrations"."version" FROM "schema_migrations" ORDER BY "schema_migrations"."version" ASC[0m
Migrating to AddPictureToBooks (20191115023105)
  [1m[35m (0.0ms)[0m  [1m[36mbegin transaction[0m
  [1m[35m (0.6ms)[0m  [1m[35mALTER TABLE "books" ADD "picture" varchar[0m
  [1m[35mSQL (0.1ms)[0m  [1m[32mINSERT INTO "schema_migrations" ("version") VALUES (?)[0m  [["version", "20191115023105"]]
  [1m[35m (0.6ms)[0m  [1m[36mcommit transaction[0m
  [1m[36mActiveRecord::InternalMetadata Load (0.1ms)[0m  [1m[34mSELECT  "ar_internal_metadata".* FROM "ar_internal_metadata" WHERE "ar_internal_metadata"."key" = ? LIMIT ?[0m  [["key", "environment"], ["LIMIT", 1]]
  [1m[35m (0.0ms)[0m  [1m[36mbegin transaction[0m
  [1m[35m (0.0ms)[0m  [1m[36mcommit transaction[0m
  [1m[35m (0.1ms)[0m  [1m[34mSELECT "schema_migrations"."version" FROM "schema_migrations" ORDER BY "schema_migrations"."version" ASC[0m
